nohup: ignoring input
[INFO] Scanning for projects...
[INFO] 
[INFO] -----------------------< com.finance:dashboard >------------------------
[INFO] Building dashboard 0.0.1-SNAPSHOT
[INFO]   from pom.xml
[INFO] --------------------------------[ jar ]---------------------------------
[INFO] 
[INFO] >>> spring-boot:3.2.5:run (default-cli) > test-compile @ dashboard >>>
[INFO] 
[INFO] --- resources:3.3.1:resources (default-resources) @ dashboard ---
[INFO] Copying 2 resources from src/main/resources to target/classes
[INFO] Copying 1 resource from src/main/resources to target/classes
[INFO] 
[INFO] --- compiler:3.13.0:compile (default-compile) @ dashboard ---
[INFO] Nothing to compile - all classes are up to date.
[INFO] 
[INFO] --- resources:3.3.1:testResources (default-testResources) @ dashboard ---
[INFO] skip non existing resourceDirectory /workspaces/finance-dashboard-backend/dashboard/src/test/resources
[INFO] 
[INFO] --- compiler:3.13.0:testCompile (default-testCompile) @ dashboard ---
[INFO] Nothing to compile - all classes are up to date.
[INFO] 
[INFO] <<< spring-boot:3.2.5:run (default-cli) < test-compile @ dashboard <<<
[INFO] 
[INFO] 
[INFO] --- spring-boot:3.2.5:run (default-cli) @ dashboard ---
[INFO] Attaching agents: []

  .   ____          _            __ _ _
 /\\ / ___'_ __ _ _(_)_ __  __ _ \ \ \ \
( ( )\___ | '_ | '_| | '_ \/ _` | \ \ \ \
 \\/  ___)| |_)| | | | | || (_| |  ) ) ) )
  '  |____| .__|_| |_|_| |_\__, | / / / /
 =========|_|==============|___/=/_/_/_/
 :: Spring Boot ::                (v3.2.5)

2026-04-06T05:19:27.150Z  INFO 15570 --- [dashboard] [  restartedMain] c.f.dashboard.DashboardApplication       : Starting DashboardApplication using Java 21.0.5 with PID 15570 (/workspaces/finance-dashboard-backend/dashboard/target/classes started by codespace in /workspaces/finance-dashboard-backend/dashboard)
2026-04-06T05:19:27.153Z  INFO 15570 --- [dashboard] [  restartedMain] c.f.dashboard.DashboardApplication       : No active profile set, falling back to 1 default profile: "default"
2026-04-06T05:19:27.210Z  INFO 15570 --- [dashboard] [  restartedMain] .e.DevToolsPropertyDefaultsPostProcessor : Devtools property defaults active! Set 'spring.devtools.add-properties' to 'false' to disable
2026-04-06T05:19:27.210Z  INFO 15570 --- [dashboard] [  restartedMain] .e.DevToolsPropertyDefaultsPostProcessor : For additional web related logging consider setting the 'logging.level.web' property to 'DEBUG'
2026-04-06T05:19:28.443Z  INFO 15570 --- [dashboard] [  restartedMain] .s.d.r.c.RepositoryConfigurationDelegate : Bootstrapping Spring Data JPA repositories in DEFAULT mode.
2026-04-06T05:19:28.532Z  INFO 15570 --- [dashboard] [  restartedMain] .s.d.r.c.RepositoryConfigurationDelegate : Finished Spring Data repository scanning in 81 ms. Found 2 JPA repository interfaces.
2026-04-06T05:19:29.083Z  INFO 15570 --- [dashboard] [  restartedMain] o.s.b.w.embedded.tomcat.TomcatWebServer  : Tomcat initialized with port 8080 (http)
2026-04-06T05:19:29.093Z  INFO 15570 --- [dashboard] [  restartedMain] o.apache.catalina.core.StandardService   : Starting service [Tomcat]
2026-04-06T05:19:29.094Z  INFO 15570 --- [dashboard] [  restartedMain] o.apache.catalina.core.StandardEngine    : Starting Servlet engine: [Apache Tomcat/10.1.20]
2026-04-06T05:19:29.126Z  INFO 15570 --- [dashboard] [  restartedMain] o.a.c.c.C.[Tomcat].[localhost].[/]       : Initializing Spring embedded WebApplicationContext
2026-04-06T05:19:29.127Z  INFO 15570 --- [dashboard] [  restartedMain] w.s.c.ServletWebServerApplicationContext : Root WebApplicationContext: initialization completed in 1915 ms
2026-04-06T05:19:29.160Z  INFO 15570 --- [dashboard] [  restartedMain] com.zaxxer.hikari.HikariDataSource       : HikariPool-1 - Starting...
2026-04-06T05:19:29.303Z  INFO 15570 --- [dashboard] [  restartedMain] com.zaxxer.hikari.pool.HikariPool        : HikariPool-1 - Added connection conn0: url=jdbc:h2:mem:financedb user=SA
2026-04-06T05:19:29.304Z  INFO 15570 --- [dashboard] [  restartedMain] com.zaxxer.hikari.HikariDataSource       : HikariPool-1 - Start completed.
2026-04-06T05:19:29.312Z  INFO 15570 --- [dashboard] [  restartedMain] o.s.b.a.h2.H2ConsoleAutoConfiguration    : H2 console available at '/h2-console'. Database available at 'jdbc:h2:mem:financedb'
2026-04-06T05:19:29.461Z  INFO 15570 --- [dashboard] [  restartedMain] o.hibernate.jpa.internal.util.LogHelper  : HHH000204: Processing PersistenceUnitInfo [name: default]
2026-04-06T05:19:29.516Z  INFO 15570 --- [dashboard] [  restartedMain] org.hibernate.Version                    : HHH000412: Hibernate ORM core version 6.4.4.Final
2026-04-06T05:19:29.542Z  INFO 15570 --- [dashboard] [  restartedMain] o.h.c.internal.RegionFactoryInitiator    : HHH000026: Second-level cache disabled
2026-04-06T05:19:29.737Z  INFO 15570 --- [dashboard] [  restartedMain] o.s.o.j.p.SpringPersistenceUnitInfo      : No LoadTimeWeaver setup: ignoring JPA class transformer
2026-04-06T05:19:29.768Z  WARN 15570 --- [dashboard] [  restartedMain] org.hibernate.orm.deprecation            : HHH90000025: H2Dialect does not need to be specified explicitly using 'hibernate.dialect' (remove the property setting and it will be selected by default)
2026-04-06T05:19:30.437Z  INFO 15570 --- [dashboard] [  restartedMain] o.h.e.t.j.p.i.JtaPlatformInitiator       : HHH000489: No JTA platform available (set 'hibernate.transaction.jta.platform' to enable JTA platform integration)
Hibernate: 
    drop table if exists transactions cascade 
Hibernate: 
    drop table if exists users cascade 
Hibernate: 
    create table transactions (
        amount numeric(38,2) not null,
        date date not null,
        deleted boolean not null,
        created_at timestamp(6),
        id bigint generated by default as identity,
        user_id bigint not null,
        category varchar(255) not null,
        notes varchar(255),
        type varchar(255) not null check (type in ('INCOME','EXPENSE')),
        primary key (id)
    )
Hibernate: 
    create table users (
        active boolean not null,
        created_at timestamp(6),
        id bigint generated by default as identity,
        email varchar(255) not null unique,
        password varchar(255) not null,
        role varchar(255) not null check (role in ('VIEWER','ANALYST','ADMIN')),
        username varchar(255) not null unique,
        primary key (id)
    )
Hibernate: 
    alter table if exists transactions 
       add constraint FKqwv7rmvc8va8rep7piikrojds 
       foreign key (user_id) 
       references users
2026-04-06T05:19:30.478Z  INFO 15570 --- [dashboard] [  restartedMain] j.LocalContainerEntityManagerFactoryBean : Initialized JPA EntityManagerFactory for persistence unit 'default'
2026-04-06T05:19:30.798Z  INFO 15570 --- [dashboard] [  restartedMain] o.s.d.j.r.query.QueryEnhancerFactory     : Hibernate is in classpath; If applicable, HQL parser will be used.
2026-04-06T05:19:31.478Z  WARN 15570 --- [dashboard] [  restartedMain] JpaBaseConfiguration$JpaWebConfiguration : spring.jpa.open-in-view is enabled by default. Therefore, database queries may be performed during view rendering. Explicitly configure spring.jpa.open-in-view to disable this warning
2026-04-06T05:19:31.539Z  INFO 15570 --- [dashboard] [  restartedMain] o.s.b.a.w.s.WelcomePageHandlerMapping    : Adding welcome page: class path resource [static/index.html]
2026-04-06T05:19:31.783Z  INFO 15570 --- [dashboard] [  restartedMain] o.s.s.web.DefaultSecurityFilterChain     : Will secure any request with [org.springframework.security.web.session.DisableEncodeUrlFilter@64d4c312, org.springframework.security.web.context.request.async.WebAsyncManagerIntegrationFilter@1e07b89, org.springframework.security.web.context.SecurityContextHolderFilter@317a6d75, org.springframework.security.web.header.HeaderWriterFilter@32301026, org.springframework.web.filter.CorsFilter@60482dbd, org.springframework.security.web.authentication.logout.LogoutFilter@2648391, com.finance.dashboard.security.JwtAuthFilter@73dcbaca, org.springframework.security.web.savedrequest.RequestCacheAwareFilter@6c3c88fe, org.springframework.security.web.servletapi.SecurityContextHolderAwareRequestFilter@577ae8bb, org.springframework.security.web.authentication.AnonymousAuthenticationFilter@3aa0cf27, org.springframework.security.web.session.SessionManagementFilter@1d02fd44, org.springframework.security.web.access.ExceptionTranslationFilter@19de3661, org.springframework.security.web.access.intercept.AuthorizationFilter@37fa4564]
2026-04-06T05:19:32.118Z  INFO 15570 --- [dashboard] [  restartedMain] o.s.b.d.a.OptionalLiveReloadServer       : LiveReload server is running on port 35729
2026-04-06T05:19:32.160Z  INFO 15570 --- [dashboard] [  restartedMain] o.s.b.w.embedded.tomcat.TomcatWebServer  : Tomcat started on port 8080 (http) with context path ''
2026-04-06T05:19:32.174Z  INFO 15570 --- [dashboard] [  restartedMain] c.f.dashboard.DashboardApplication       : Started DashboardApplication in 5.35 seconds (process running for 5.814)
Hibernate: 
    select
        count(*) 
    from
        users u1_0
Hibernate: 
    insert 
    into
        users
        (active, created_at, email, password, role, username, id) 
    values
        (?, ?, ?, ?, ?, ?, default)
Hibernate: 
    insert 
    into
        users
        (active, created_at, email, password, role, username, id) 
    values
        (?, ?, ?, ?, ?, ?, default)
Hibernate: 
    insert 
    into
        users
        (active, created_at, email, password, role, username, id) 
    values
        (?, ?, ?, ?, ?, ?, default)
Hibernate: 
    insert 
    into
        transactions
        (amount, category, created_at, date, deleted, notes, type, user_id, id) 
    values
        (?, ?, ?, ?, ?, ?, ?, ?, default)
Hibernate: 
    insert 
    into
        transactions
        (amount, category, created_at, date, deleted, notes, type, user_id, id) 
    values
        (?, ?, ?, ?, ?, ?, ?, ?, default)
Hibernate: 
    insert 
    into
        transactions
        (amount, category, created_at, date, deleted, notes, type, user_id, id) 
    values
        (?, ?, ?, ?, ?, ?, ?, ?, default)
Hibernate: 
    insert 
    into
        transactions
        (amount, category, created_at, date, deleted, notes, type, user_id, id) 
    values
        (?, ?, ?, ?, ?, ?, ?, ?, default)
Hibernate: 
    insert 
    into
        transactions
        (amount, category, created_at, date, deleted, notes, type, user_id, id) 
    values
        (?, ?, ?, ?, ?, ?, ?, ?, default)
Hibernate: 
    insert 
    into
        transactions
        (amount, category, created_at, date, deleted, notes, type, user_id, id) 
    values
        (?, ?, ?, ?, ?, ?, ?, ?, default)
✅ DataSeeder: users and transactions created.
2026-04-06T05:20:51.086Z  INFO 15570 --- [dashboard] [nio-8080-exec-1] o.a.c.c.C.[Tomcat].[localhost].[/]       : Initializing Spring DispatcherServlet 'dispatcherServlet'
2026-04-06T05:20:51.086Z  INFO 15570 --- [dashboard] [nio-8080-exec-1] o.s.web.servlet.DispatcherServlet        : Initializing Servlet 'dispatcherServlet'
2026-04-06T05:20:51.087Z  INFO 15570 --- [dashboard] [nio-8080-exec-1] o.s.web.servlet.DispatcherServlet        : Completed initialization in 1 ms
Hibernate: 
    select
        u1_0.id,
        u1_0.active,
        u1_0.created_at,
        u1_0.email,
        u1_0.password,
        u1_0.role,
        u1_0.username 
    from
        users u1_0 
    where
        u1_0.username=?
Hibernate: 
    select
        u1_0.id,
        u1_0.active,
        u1_0.created_at,
        u1_0.email,
        u1_0.password,
        u1_0.role,
        u1_0.username 
    from
        users u1_0 
    where
        u1_0.username=?
